<?xml version="1.0" encoding="UTF-8"?>
<testsuite name="TestRunner.LoginTestRunner" tests="3" skipped="0" failures="0" errors="0" timestamp="2022-09-10T03:49:04" hostname="DESKTOP-OIJ72PC" time="39.636">
  <properties/>
  <testcase name="userLogin" classname="TestRunner.LoginTestRunner" time="24.338"/>
  <testcase name="doLoginWithValidEmailandWrongPassword" classname="TestRunner.LoginTestRunner" time="11.306"/>
  <testcase name="doLoginWithInvalidEmail" classname="TestRunner.LoginTestRunner" time="3.974"/>
  <system-out><![CDATA[]]></system-out>
  <system-err><![CDATA[]]></system-err>
</testsuite>
